2025-06-26T20:13:55.169Z [app] INFO: Logout by SuperAdmin - (685d1ed1e8152edeaf2b7e40)
2025-06-26T20:14:22.497Z [app] INFO: Login by Ashraful Momin - (Ashraful@gmail.com)
2025-06-26T20:14:29.050Z [app] INFO: Login by Ashraful Momin - (Ashraful@gmail.com)
2025-06-26T20:14:35.125Z [app] INFO: Login by Ashraful Momin - (Ashraful@gmail.com)
2025-06-26T20:14:53.114Z [app] INFO: Logout by SuperAdmin - (685d1ed1e8152edeaf2b7e40)
2025-06-26T20:15:11.009Z [app] INFO: Login by Ashraful Momin - (Ashraful@gmail.com)
2025-06-26T20:15:49.336Z [app] INFO: Logout by SuperAdmin - (685d1ed1e8152edeaf2b7e40)
2025-06-26T20:17:23.425Z [app] INFO: Login by Ashraful Momin - (Ashraful@gmail.com)
2025-06-26T20:17:26.430Z [app] INFO: Login by Ashraful Momin - (Ashraful@gmail.com)
2025-06-26T20:17:29.340Z [app] INFO: Logout by SuperAdmin - (685d1ed1e8152edeaf2b7e40)
2025-06-26T20:19:38.448Z [app] INFO: Login by Ashraful Momin - (Ashraful@gmail.com)
2025-06-26T20:19:39.862Z [app] INFO: Login by Ashraful Momin - (Ashraful@gmail.com)
2025-06-26T20:19:52.644Z [app] INFO: Logout by SuperAdmin - (685d1ed1e8152edeaf2b7e40)
2025-06-26T20:21:56.691Z [app] INFO: Login by Ashraful Momin - (Ashraful@gmail.com)
2025-06-26T20:21:57.191Z [app] Warn: Login by Ashraful Momin - (Ashraful@gmail.com)
2025-06-26T20:21:57.605Z [app] INFO: Login by Ashraful Momin - (Ashraful@gmail.com)
2025-06-26T20:21:57.986Z [app] INFO: Login by Ashraful Momin - (Ashraful@gmail.com)
2025-06-26T20:22:16.119Z [app] Warn: Logout from all devices by SuperAdmin - (685d1ed1e8152edeaf2b7e40) {"deletedSessions":2}
2025-06-26T20:22:38.368Z [app] INFO: Login by Ashraful Momin - (Ashraful@gmail.com)
2025-06-26T20:22:39.025Z [app] INFO: Login by Ashraful Momin - (Ashraful@gmail.com)
2025-06-26T20:22:46.104Z [app] INFO: Logout by SuperAdmin - (685d1ed1e8152edeaf2b7e40)
2025-06-26T20:24:20.510Z [app] INFO: Login by Ashraful Momin - (Ashraful@gmail.com)
2025-06-26T20:24:21.114Z [app] INFO: Login by Ashraful Momin - (Ashraful@gmail.com)
2025-06-26T20:24:21.595Z [app] INFO: Login by Ashraful Momin - (Ashraful@gmail.com)
2025-06-26T20:24:22.185Z [app] INFO: Login by Ashraful Momin - (Ashraful@gmail.com)
2025-06-26T20:24:32.029Z [app] INFO: Logout by SuperAdmin - (685d1ed1e8152edeaf2b7e40)
2025-06-26T20:25:31.780Z [app] INFO: Login by Ashraful Momin - (Ashraful@gmail.com)
2025-06-26T20:25:32.681Z [app] INFO: Login by Ashraful Momin - (Ashraful@gmail.com)
2025-06-26T20:25:41.209Z [app] INFO: Logout from all devices by SuperAdmin - (685d1ed1e8152edeaf2b7e40)
2025-06-26T20:42:17.084Z [app] INFO: Login by Ashraful Momin - (Ashraful@gmail.com)
2025-06-29T21:57:20.271Z [app] INFO: Login by gulfam - (gulfam@gmail.com)
2025-06-29T21:57:58.568Z [app] INFO: Logout by Patient - (6861b5819c48d45c8b8ba7ff)
2025-06-29T22:23:42.507Z [app] INFO: Login by gulfam - (gulfam@gmail.com)
2025-06-29T22:55:00.421Z [app] INFO: Login by Md Ashraful momin - (ashrafulmomin@gmail.com)
2025-06-30T07:03:24.605Z [app] INFO: Login by gulfam - (gulfam@gmail.com)
2025-06-30T07:33:47.791Z [app] INFO: Login by gulfam - (gulfam@gmail.com)
2025-06-30T11:47:05.737Z [app] INFO: Logout by SuperAdmin - (6861b5819c48d45c8b8ba7ff)
2025-06-30T11:47:23.176Z [app] INFO: Login by gulfam - (gulfam@gmail.com)
2025-07-01T09:48:43.270Z [app] INFO: Login by Dr. Karen Bergstrom - (angel54@gmail.com)
2025-07-01T12:16:14.276Z [app] ERROR: Error adding patient by doctor 685d1ed1e8152edeaf2b7e58: User is not defined
2025-07-01T12:16:42.431Z [app] WARN: Doctor (685d1ed1e8152edeaf2b7e58) added new patient 6863d1aa8e2aaa1b80cd1732
2025-07-01T12:17:41.769Z [app] WARN: Doctor (685d1ed1e8152edeaf2b7e58) attempted to re-add patient 6861b5179c48d45c8b8ba7f9
2025-07-01T12:17:50.203Z [app] WARN: Doctor (685d1ed1e8152edeaf2b7e58) attempted to re-add patient 685d1ed1e8152edeaf2b7e4a
2025-07-01T12:18:03.765Z [app] WARN: Doctor (685d1ed1e8152edeaf2b7e58) added new patient 6863d1fb8e2aaa1b80cd1743
2025-07-01T12:19:37.671Z [app] INFO: New prescription added by Doctor (685d1ed1e8152edeaf2b7e58)
2025-07-01T14:54:45.943Z [app] INFO: Login by Terrell Bailey - (paolo_beier@hotmail.com)
2025-07-01T15:09:50.082Z [app] WARN: Lab report deleted by LabTech (685d1ed1e8152edeaf2b7e4d) {"deletedReport":"6863e9abfffd58f3dbe1d001"}
2025-07-01T15:09:52.585Z [app] WARN: Lab report deleted by LabTech (685d1ed1e8152edeaf2b7e4d) {"deletedReport":"685d1ed2e8152edeaf2b7f62"}
2025-07-01T15:09:53.314Z [app] WARN: Lab report deleted by LabTech (685d1ed1e8152edeaf2b7e4d) {"deletedReport":"685d1ed2e8152edeaf2b7f61"}
2025-07-01T15:09:54.485Z [app] WARN: Lab report deleted by LabTech (685d1ed1e8152edeaf2b7e4d) {"deletedReport":"685d1ed2e8152edeaf2b7f60"}
2025-07-01T15:09:55.327Z [app] WARN: Lab report deleted by LabTech (685d1ed1e8152edeaf2b7e4d) {"deletedReport":"685d1ed2e8152edeaf2b7f5f"}
2025-07-01T15:09:55.815Z [app] WARN: Lab report deleted by LabTech (685d1ed1e8152edeaf2b7e4d) {"deletedReport":"685d1ed2e8152edeaf2b7f5e"}
2025-07-01T15:09:56.358Z [app] WARN: Lab report deleted by LabTech (685d1ed1e8152edeaf2b7e4d) {"deletedReport":"685d1ed2e8152edeaf2b7f5d"}
2025-07-01T15:09:56.865Z [app] WARN: Lab report deleted by LabTech (685d1ed1e8152edeaf2b7e4d) {"deletedReport":"685d1ed2e8152edeaf2b7f5c"}
2025-07-01T15:09:57.266Z [app] WARN: Lab report deleted by LabTech (685d1ed1e8152edeaf2b7e4d) {"deletedReport":"685d1ed2e8152edeaf2b7f5b"}
2025-07-01T19:29:28.994Z [app] INFO: Login by Joanne Hegmann - (dianna.jerde@yahoo.com)
2025-07-01T20:12:29.011Z [app] WARN: New appointment added by Receptionist (685d1ed1e8152edeaf2b7e4f)
2025-07-01T20:18:20.417Z [app] WARN: New appointment added by Receptionist (685d1ed1e8152edeaf2b7e4f)
2025-07-01T20:22:01.129Z [app] WARN: New appointment added by Receptionist (685d1ed1e8152edeaf2b7e4f)
2025-07-01T20:37:02.282Z [app] INFO: Appointment 6864412c2479c83aa0f5ab9b updated by Receptionist (685d1ed1e8152edeaf2b7e4f) → {"status":"Cancelled"}
2025-07-01T20:41:00.292Z [app] INFO: Appointment 685d1ed2e8152edeaf2b7ede updated by Receptionist (685d1ed1e8152edeaf2b7e4f) → {"status":"Cancelled"}
2025-07-01T20:43:39.337Z [app] WARN: Appointment 685d1ed2e8152edeaf2b7ef0 updated by Receptionist (685d1ed1e8152edeaf2b7e4f) → {"status":"Cancelled"}
